  code00_结构体变量定义与初始化.c
c1 : fatal error C1083: 无法打开源文件: “..\ch09_struct\code00_结构体变量定义与初始化.c”: No such file or directory
  code01_结构体成员使用.c
c1 : fatal error C1083: 无法打开源文件: “..\ch09_struct\code01_结构体成员使用.c”: No such file or directory
  code02_结构体数组.c
c1 : fatal error C1083: 无法打开源文件: “..\ch09_struct\code02_结构体数组.c”: No such file or directory
  code03结构体嵌套.c
c1 : fatal error C1083: 无法打开源文件: “..\ch09_struct\code03结构体嵌套.c”: No such file or directory
  code04结构体赋值.c
c1 : fatal error C1083: 无法打开源文件: “..\ch09_struct\code04结构体赋值.c”: No such file or directory
  code0501结构体指针.c
c1 : fatal error C1083: 无法打开源文件: “..\ch09_struct\code0501结构体指针.c”: No such file or directory
  code0502结构体与指针.c
c1 : fatal error C1083: 无法打开源文件: “..\ch09_struct\code0502结构体与指针.c”: No such file or directory
  code0503结构体与指针.c
c1 : fatal error C1083: 无法打开源文件: “..\ch09_struct\code0503结构体与指针.c”: No such file or directory
  code0601结构体作为函数参数.c
c1 : fatal error C1083: 无法打开源文件: “..\ch09_struct\code0601结构体作为函数参数.c”: No such file or directory
  code07共用体使用.c
c1 : fatal error C1083: 无法打开源文件: “..\ch09_struct\code07共用体使用.c”: No such file or directory
  code08枚举的使用.c
c1 : fatal error C1083: 无法打开源文件: “..\ch09_struct\code08枚举的使用.c”: No such file or directory
  code09tydedef使用.c
c1 : fatal error C1083: 无法打开源文件: “..\ch09_struct\code09tydedef使用.c”: No such file or directory
  code01文件的打开与关闭.c
c1 : fatal error C1083: 无法打开源文件: “..\c_day10_file\code01文件的打开与关闭.c”: No such file or directory
  code02文件读取和写.c
c1 : fatal error C1083: 无法打开源文件: “..\c_day10_file\code02文件读取和写.c”: No such file or directory
  code03文件的加密与解密.c
c1 : fatal error C1083: 无法打开源文件: “..\c_day10_file\code03文件的加密与解密.c”: No such file or directory
  code04文件的行读写.c
c1 : fatal error C1083: 无法打开源文件: “..\c_day10_file\code04文件的行读写.c”: No such file or directory
  code05四则运算.c
c1 : fatal error C1083: 无法打开源文件: “..\c_day10_file\code05四则运算.c”: No such file or directory
  code06四则运算结果.c
c1 : fatal error C1083: 无法打开源文件: “..\c_day10_file\code06四则运算结果.c”: No such file or directory
  code07_文件格式化读写.c
c1 : fatal error C1083: 无法打开源文件: “..\c_day10_file\code07_文件格式化读写.c”: No such file or directory
  code08_大文件排序.c
c1 : fatal error C1083: 无法打开源文件: “..\c_day10_file\code08_大文件排序.c”: No such file or directory
  正在生成代码...
  正在编译...
  code09_大文件排序02.c
c1 : fatal error C1083: 无法打开源文件: “..\c_day10_file\code09_大文件排序02.c”: No such file or directory
  code10_文件块读写.c
c1 : fatal error C1083: 无法打开源文件: “..\c_day10_file\code10_文件块读写.c”: No such file or directory
  code11_文件读写结构体.c
c1 : fatal error C1083: 无法打开源文件: “..\c_day10_file\code11_文件读写结构体.c”: No such file or directory
  code04_常量与变量.c
c1 : fatal error C1083: 无法打开源文件: “..\day02\code04_常量与变量.c”: No such file or directory
  code03_宏定义常量.c
c1 : fatal error C1083: 无法打开源文件: “..\day02\code03_宏定义常量.c”: No such file or directory
  code06_整型与进制.c
c1 : fatal error C1083: 无法打开源文件: “..\day02\code06_整型与进制.c”: No such file or directory
  code07_整型与输入.c
c1 : fatal error C1083: 无法打开源文件: “..\day02\code07_整型与输入.c”: No such file or directory
  code08_整型与范围.c
c1 : fatal error C1083: 无法打开源文件: “..\day02\code08_整型与范围.c”: No such file or directory
  code09_字符与整型.c
c1 : fatal error C1083: 无法打开源文件: “..\day02\code09_字符与整型.c”: No such file or directory
  code10_浮点数使用.c
c1 : fatal error C1083: 无法打开源文件: “..\day02\code10_浮点数使用.c”: No such file or directory
  code01_数组与外部变量.c
c1 : fatal error C1083: 无法打开源文件: “..\day03\code01_数组与外部变量.c”: No such file or directory
  code02_输出附加格式.c
c1 : fatal error C1083: 无法打开源文件: “..\day03\code02_输出附加格式.c”: No such file or directory
  code03_输入方法.c
c1 : fatal error C1083: 无法打开源文件: “..\day03\code03_输入方法.c”: No such file or directory
  code04_算术运算符.c
c1 : fatal error C1083: 无法打开源文件: “..\day03\code04_算术运算符.c”: No such file or directory
  code05_赋值运算符.c
c1 : fatal error C1083: 无法打开源文件: “..\day03\code05_赋值运算符.c”: No such file or directory
  code06_比较运算符.c
c1 : fatal error C1083: 无法打开源文件: “..\day03\code06_比较运算符.c”: No such file or directory
  code07_逻辑运算符.c
c1 : fatal error C1083: 无法打开源文件: “..\day03\code07_逻辑运算符.c”: No such file or directory
  code08_类型转换.c
c1 : fatal error C1083: 无法打开源文件: “..\day03\code08_类型转换.c”: No such file or directory
  code09_IF表达式.c
c1 : fatal error C1083: 无法打开源文件: “..\day03\code09_IF表达式.c”: No such file or directory
  code10_比较大小.c
c1 : fatal error C1083: 无法打开源文件: “..\day03\code10_比较大小.c”: No such file or directory
  正在生成代码...
  正在编译...
  code11_三目运算符.c
c1 : fatal error C1083: 无法打开源文件: “..\day03\code11_三目运算符.c”: No such file or directory
  code12_switch使用.c
c1 : fatal error C1083: 无法打开源文件: “..\day03\code12_switch使用.c”: No such file or directory
  code13_while使用规范.c
c1 : fatal error C1083: 无法打开源文件: “..\day03\code13_while使用规范.c”: No such file or directory
  code14_doWhile使用.c
c1 : fatal error C1083: 无法打开源文件: “..\day03\code14_doWhile使用.c”: No such file or directory
  code15_FOR表达式.c
c1 : fatal error C1083: 无法打开源文件: “..\day03\code15_FOR表达式.c”: No such file or directory
  code16_FOR嵌套循环.c
c1 : fatal error C1083: 无法打开源文件: “..\day03\code16_FOR嵌套循环.c”: No such file or directory
  code01_跳转基本使用.c
c1 : fatal error C1083: 无法打开源文件: “..\day04\code01_跳转基本使用.c”: No such file or directory
  code02_数组定义与使用.c
c1 : fatal error C1083: 无法打开源文件: “..\day04\code02_数组定义与使用.c”: No such file or directory
  code03_数组定义使用.c
c1 : fatal error C1083: 无法打开源文件: “..\day04\code03_数组定义使用.c”: No such file or directory
  code04_一维数组使用.c
c1 : fatal error C1083: 无法打开源文件: “..\day04\code04_一维数组使用.c”: No such file or directory
  code05_数组逆置.c
c1 : fatal error C1083: 无法打开源文件: “..\day04\code05_数组逆置.c”: No such file or directory
  code06_排序算法.c
c1 : fatal error C1083: 无法打开源文件: “..\day04\code06_排序算法.c”: No such file or directory
  code07_二维数组定义.c
c1 : fatal error C1083: 无法打开源文件: “..\day04\code07_二维数组定义.c”: No such file or directory
  code08_多维数组求平均.c
c1 : fatal error C1083: 无法打开源文件: “..\day04\code08_多维数组求平均.c”: No such file or directory
  code09_多维数组使用.c
c1 : fatal error C1083: 无法打开源文件: “..\day04\code09_多维数组使用.c”: No such file or directory
  code10_字符数组使用.c
c1 : fatal error C1083: 无法打开源文件: “..\day04\code10_字符数组使用.c”: No such file or directory
  code11_字符串输入输出.c
c1 : fatal error C1083: 无法打开源文件: “..\day04\code11_字符串输入输出.c”: No such file or directory
  code12_strlen的使用.c
c1 : fatal error C1083: 无法打开源文件: “..\day04\code12_strlen的使用.c”: No such file or directory
  code01_指针变量定义与使用.c
c1 : fatal error C1083: 无法打开源文件: “..\day05\code01_指针变量定义与使用.c”: No such file or directory
  code01_随机数的使用.c
c1 : fatal error C1083: 无法打开源文件: “..\day05\code01_随机数的使用.c”: No such file or directory
  正在生成代码...
  正在编译...
  code02_函数的定义与使用.c
c1 : fatal error C1083: 无法打开源文件: “..\day05\code02_函数的定义与使用.c”: No such file or directory
  code03_字符串比较.c
c1 : fatal error C1083: 无法打开源文件: “..\day05\code03_字符串比较.c”: No such file or directory
  code04_各类函数演示.c
c1 : fatal error C1083: 无法打开源文件: “..\day05\code04_各类函数演示.c”: No such file or directory
  code05_函数的声明.c
c1 : fatal error C1083: 无法打开源文件: “..\day05\code05_函数的声明.c”: No such file or directory
  code06_main与exit函数.c
c1 : fatal error C1083: 无法打开源文件: “..\day05\code06_main与exit函数.c”: No such file or directory
  code07_多文件编程.c
c1 : fatal error C1083: 无法打开源文件: “..\day05\code07_多文件编程.c”: No such file or directory
  code01_指针变量的定义与使用.c
c1 : fatal error C1083: 无法打开源文件: “..\day07_指针\code01_指针变量的定义与使用.c”: No such file or directory
  code02_通过指针修改变量值.c
c1 : fatal error C1083: 无法打开源文件: “..\day07_指针\code02_通过指针修改变量值.c”: No such file or directory
  code03_指针与数组.c
c1 : fatal error C1083: 无法打开源文件: “..\day07_指针\code03_指针与数组.c”: No such file or directory
  code04_多级指针.c
c1 : fatal error C1083: 无法打开源文件: “..\day07_指针\code04_多级指针.c”: No such file or directory
  code05_指针和函数.c
c1 : fatal error C1083: 无法打开源文件: “..\day07_指针\code05_指针和函数.c”: No such file or directory
  code06_数组名作参数.c
c1 : fatal error C1083: 无法打开源文件: “..\day07_指针\code06_数组名作参数.c”: No such file or directory
  code07_指针作函数返回值.c
c1 : fatal error C1083: 无法打开源文件: “..\day07_指针\code07_指针作函数返回值.c”: No such file or directory
  code08_字符指针.c
c1 : fatal error C1083: 无法打开源文件: “..\day07_指针\code08_字符指针.c”: No such file or directory
  code09_字符指针作参数.c
c1 : fatal error C1083: 无法打开源文件: “..\day07_指针\code09_字符指针作参数.c”: No such file or directory
  code10_const修饰指针变量.c
c1 : fatal error C1083: 无法打开源文件: “..\day07_指针\code10_const修饰指针变量.c”: No such file or directory
  code11_指针数组作为main函数形参.c
c1 : fatal error C1083: 无法打开源文件: “..\day07_指针\code11_指针数组作为main函数形参.c”: No such file or directory
  code12_字符串应用模型str.c
c1 : fatal error C1083: 无法打开源文件: “..\day07_指针\code12_字符串应用模型str.c”: No such file or directory
  code13_字符串应用模型两头堵.c
c1 : fatal error C1083: 无法打开源文件: “..\day07_指针\code13_字符串应用模型两头堵.c”: No such file or directory
  code14_字符串处理函数.c
c1 : fatal error C1083: 无法打开源文件: “..\day07_指针\code14_字符串处理函数.c”: No such file or directory
  正在生成代码...
  正在编译...
  code01_局部变量.c
c1 : fatal error C1083: 无法打开源文件: “..\day08_内存管理\code01_局部变量.c”: No such file or directory
  code02_静态局部变量.c
c1 : fatal error C1083: 无法打开源文件: “..\day08_内存管理\code02_静态局部变量.c”: No such file or directory
  code03_存储类型总结.c
c1 : fatal error C1083: 无法打开源文件: “..\day08_内存管理\code03_存储类型总结.c”: No such file or directory
  code04_内存操作函数.c
c1 : fatal error C1083: 无法打开源文件: “..\day08_内存管理\code04_内存操作函数.c”: No such file or directory
  code05_堆区内存分配和释放.c
c1 : fatal error C1083: 无法打开源文件: “..\day08_内存管理\code05_堆区内存分配和释放.c”: No such file or directory
  code06_内存分区代码分析.c
c1 : fatal error C1083: 无法打开源文件: “..\day08_内存管理\code06_内存分区代码分析.c”: No such file or directory
  code01_入门.c
  code05_简单计算.c
  正在生成代码...
